<?xml version="1.0" encoding="UTF-8"?>
<testng-results ignored="0" total="1" passed="1" failed="0" skipped="0">
  <reporter-output>
  </reporter-output>
  <suite started-at="2025-09-15T15:38:28 IST" name="Suite" finished-at="2025-09-15T15:38:28 IST" duration-ms="164">
    <groups>
      <group name="one">
        <method signature="TestNg.one()[pri:0, instance:com.Testing.TestNg@7c7a06ec]" name="one" class="com.Testing.TestNg"/>
      </group> <!-- one -->
    </groups>
    <test started-at="2025-09-15T15:38:28 IST" name="Test" finished-at="2025-09-15T15:38:28 IST" duration-ms="164">
      <class name="com.Testing.TestNg">
        <test-method signature="one()[pri:0, instance:com.Testing.TestNg@7c7a06ec]" started-at="2025-09-15T15:38:28 IST" name="one" finished-at="2025-09-15T15:38:28 IST" duration-ms="19" status="PASS">
          <reporter-output>
          </reporter-output>
        </test-method> <!-- one -->
        <test-method is-config="true" signature="vri()[pri:0, instance:com.Testing.TestNg@7c7a06ec]" started-at="2025-09-15T15:38:28 IST" name="vri" finished-at="2025-09-15T15:38:28 IST" duration-ms="36" status="PASS">
          <reporter-output>
          </reporter-output>
        </test-method> <!-- vri -->
      </class> <!-- com.Testing.TestNg -->
    </test> <!-- Test -->
  </suite> <!-- Suite -->
</testng-results>
